Determining if the pthread_create exist failed with the following output:
Change Dir: /home/exbot/wsy_robot/src/serial/build/CMakeFiles/CMakeTmp

Run Build Command:/usr/bin/make "cmTryCompileExec4193113440/fast"
make[1]: 正在进入目录 `/home/exbot/wsy_robot/src/serial/build/CMakeFiles/CMakeTmp'
/usr/bin/make -f CMakeFiles/cmTryCompileExec4193113440.dir/build.make CMakeFiles/cmTryCompileExec4193113440.dir/build
make[2]: 正在进入目录 `/home/exbot/wsy_robot/src/serial/build/CMakeFiles/CMakeTmp'
/usr/bin/cmake -E cmake_progress_report /home/exbot/wsy_robot/src/serial/build/CMakeFiles/CMakeTmp/CMakeFiles 1
Building C object CMakeFiles/cmTryCompileExec4193113440.dir/CheckSymbolExists.c.o
/usr/bin/cc    -o CMakeFiles/cmTryCompileExec4193113440.dir/CheckSymbolExists.c.o   -c /home/exbot/wsy_robot/src/serial/build/CMakeFiles/CMakeTmp/CheckSymbolExists.c
Linking C executable cmTryCompileExec4193113440
/usr/bin/cmake -E cmake_link_script CMakeFiles/cmTryCompileExec4193113440.dir/link.txt --verbose=1
/usr/bin/cc       CMakeFiles/cmTryCompileExec4193113440.dir/CheckSymbolExists.c.o  -o cmTryCompileExec4193113440 -rdynamic 
CMakeFiles/cmTryCompileExec4193113440.dir/CheckSymbolExists.c.o：在函数‘main’中：
CheckSymbolExists.c:(.text+0x16)：对‘pthread_create’未定义的引用
collect2: error: ld returned 1 exit status
make[2]: *** [cmTryCompileExec4193113440] 错误 1
make[2]:正在离开目录 `/home/exbot/wsy_robot/src/serial/build/CMakeFiles/CMakeTmp'
make[1]: *** [cmTryCompileExec4193113440/fast] 错误 2
make[1]:正在离开目录 `/home/exbot/wsy_robot/src/serial/build/CMakeFiles/CMakeTmp'

File /home/exbot/wsy_robot/src/serial/build/CMakeFiles/CMakeTmp/CheckSymbolExists.c:
/* */
#include <pthread.h>

int main(int argc, char** argv)
{
  (void)argv;
#ifndef pthread_create
  return ((int*)(&pthread_create))[argc];
#else
  (void)argc;
  return 0;
#endif
}

Determining if the function pthread_create exists in the pthreads failed with the following output:
Change Dir: /home/exbot/wsy_robot/src/serial/build/CMakeFiles/CMakeTmp

Run Build Command:/usr/bin/make "cmTryCompileExec2534197489/fast"
make[1]: 正在进入目录 `/home/exbot/wsy_robot/src/serial/build/CMakeFiles/CMakeTmp'
/usr/bin/make -f CMakeFiles/cmTryCompileExec2534197489.dir/build.make CMakeFiles/cmTryCompileExec2534197489.dir/build
make[2]: 正在进入目录 `/home/exbot/wsy_robot/src/serial/build/CMakeFiles/CMakeTmp'
/usr/bin/cmake -E cmake_progress_report /home/exbot/wsy_robot/src/serial/build/CMakeFiles/CMakeTmp/CMakeFiles 1
Building C object CMakeFiles/cmTryCompileExec2534197489.dir/CheckFunctionExists.c.o
/usr/bin/cc   -DCHECK_FUNCTION_EXISTS=pthread_create   -o CMakeFiles/cmTryCompileExec2534197489.dir/CheckFunctionExists.c.o   -c /usr/share/cmake-2.8/Modules/CheckFunctionExists.c
Linking C executable cmTryCompileExec2534197489
/usr/bin/cmake -E cmake_link_script CMakeFiles/cmTryCompileExec2534197489.dir/link.txt --verbose=1
/usr/bin/cc   -DCHECK_FUNCTION_EXISTS=pthread_create    CMakeFiles/cmTryCompileExec2534197489.dir/CheckFunctionExists.c.o  -o cmTryCompileExec2534197489 -rdynamic -lpthreads 
/usr/bin/ld: cannot find -lpthreads
collect2: error: ld returned 1 exit status
make[2]: *** [cmTryCompileExec2534197489] 错误 1
make[2]:正在离开目录 `/home/exbot/wsy_robot/src/serial/build/CMakeFiles/CMakeTmp'
make[1]: *** [cmTryCompileExec2534197489/fast] 错误 2
make[1]:正在离开目录 `/home/exbot/wsy_robot/src/serial/build/CMakeFiles/CMakeTmp'


