Determining if the pthread_create exist failed with the following output:
Change Dir: /home/robot/ros/build/CMakeFiles/CMakeTmp

Run Build Command:/usr/bin/make "cmTryCompileExec2745032191/fast"
/usr/bin/make -f CMakeFiles/cmTryCompileExec2745032191.dir/build.make CMakeFiles/cmTryCompileExec2745032191.dir/build
make[1]: Entering directory `/home/robot/ros/build/CMakeFiles/CMakeTmp'
/usr/bin/cmake -E cmake_progress_report /home/robot/ros/build/CMakeFiles/CMakeTmp/CMakeFiles 1
Building C object CMakeFiles/cmTryCompileExec2745032191.dir/CheckSymbolExists.c.o
/usr/bin/cc    -o CMakeFiles/cmTryCompileExec2745032191.dir/CheckSymbolExists.c.o   -c /home/robot/ros/build/CMakeFiles/CMakeTmp/CheckSymbolExists.c
Linking C executable cmTryCompileExec2745032191
/usr/bin/cmake -E cmake_link_script CMakeFiles/cmTryCompileExec2745032191.dir/link.txt --verbose=1
/usr/bin/cc       CMakeFiles/cmTryCompileExec2745032191.dir/CheckSymbolExists.c.o  -o cmTryCompileExec2745032191 -rdynamic 
CMakeFiles/cmTryCompileExec2745032191.dir/CheckSymbolExists.c.o: In function `main':
CheckSymbolExists.c:(.text+0x16): undefined reference to `pthread_create'
collect2: error: ld returned 1 exit status
make[1]: *** [cmTryCompileExec2745032191] Error 1
make[1]: Leaving directory `/home/robot/ros/build/CMakeFiles/CMakeTmp'
make: *** [cmTryCompileExec2745032191/fast] Error 2

File /home/robot/ros/build/CMakeFiles/CMakeTmp/CheckSymbolExists.c:
/* */
#include <pthread.h>

int main(int argc, char** argv)
{
  (void)argv;
#ifndef pthread_create
  return ((int*)(&pthread_create))[argc];
#else
  (void)argc;
  return 0;
#endif
}

Determining if the function pthread_create exists in the pthreads failed with the following output:
Change Dir: /home/robot/ros/build/CMakeFiles/CMakeTmp

Run Build Command:/usr/bin/make "cmTryCompileExec3740830102/fast"
/usr/bin/make -f CMakeFiles/cmTryCompileExec3740830102.dir/build.make CMakeFiles/cmTryCompileExec3740830102.dir/build
make[1]: Entering directory `/home/robot/ros/build/CMakeFiles/CMakeTmp'
/usr/bin/cmake -E cmake_progress_report /home/robot/ros/build/CMakeFiles/CMakeTmp/CMakeFiles 1
Building C object CMakeFiles/cmTryCompileExec3740830102.dir/CheckFunctionExists.c.o
/usr/bin/cc   -DCHECK_FUNCTION_EXISTS=pthread_create   -o CMakeFiles/cmTryCompileExec3740830102.dir/CheckFunctionExists.c.o   -c /usr/share/cmake-2.8/Modules/CheckFunctionExists.c
Linking C executable cmTryCompileExec3740830102
/usr/bin/cmake -E cmake_link_script CMakeFiles/cmTryCompileExec3740830102.dir/link.txt --verbose=1
/usr/bin/cc   -DCHECK_FUNCTION_EXISTS=pthread_create    CMakeFiles/cmTryCompileExec3740830102.dir/CheckFunctionExists.c.o  -o cmTryCompileExec3740830102 -rdynamic -lpthreads 
/usr/bin/ld: cannot find -lpthreads
collect2: error: ld returned 1 exit status
make[1]: *** [cmTryCompileExec3740830102] Error 1
make[1]: Leaving directory `/home/robot/ros/build/CMakeFiles/CMakeTmp'
make: *** [cmTryCompileExec3740830102/fast] Error 2


Determining if the Q_WS_WIN exist failed with the following output:
Change Dir: /home/robot/ros/build/CMakeFiles/CMakeTmp

Run Build Command:/usr/bin/make "cmTryCompileExec2051146217/fast"
/usr/bin/make -f CMakeFiles/cmTryCompileExec2051146217.dir/build.make CMakeFiles/cmTryCompileExec2051146217.dir/build
make[1]: Entering directory `/home/robot/ros/build/CMakeFiles/CMakeTmp'
/usr/bin/cmake -E cmake_progress_report /home/robot/ros/build/CMakeFiles/CMakeTmp/CMakeFiles 1
Building CXX object CMakeFiles/cmTryCompileExec2051146217.dir/CheckSymbolExists.cxx.o
/usr/bin/c++    -pthread -std=c++11 -Wreorder -O3 -DNDEBUG  -I/usr/include/qt4    -o CMakeFiles/cmTryCompileExec2051146217.dir/CheckSymbolExists.cxx.o -c /home/robot/ros/build/CMakeFiles/CMakeTmp/CheckSymbolExists.cxx
/home/robot/ros/build/CMakeFiles/CMakeTmp/CheckSymbolExists.cxx: In function ‘int main(int, char**)’:
/home/robot/ros/build/CMakeFiles/CMakeTmp/CheckSymbolExists.cxx:8:19: error: ‘Q_WS_WIN’ was not declared in this scope
   return ((int*)(&Q_WS_WIN))[argc];
                   ^
make[1]: *** [CMakeFiles/cmTryCompileExec2051146217.dir/CheckSymbolExists.cxx.o] Error 1
make[1]: Leaving directory `/home/robot/ros/build/CMakeFiles/CMakeTmp'
make: *** [cmTryCompileExec2051146217/fast] Error 2

File /home/robot/ros/build/CMakeFiles/CMakeTmp/CheckSymbolExists.cxx:
/* */
#include <QtCore/qglobal.h>

int main(int argc, char** argv)
{
  (void)argv;
#ifndef Q_WS_WIN
  return ((int*)(&Q_WS_WIN))[argc];
#else
  (void)argc;
  return 0;
#endif
}

Determining if the Q_WS_QWS exist failed with the following output:
Change Dir: /home/robot/ros/build/CMakeFiles/CMakeTmp

Run Build Command:/usr/bin/make "cmTryCompileExec1833535810/fast"
/usr/bin/make -f CMakeFiles/cmTryCompileExec1833535810.dir/build.make CMakeFiles/cmTryCompileExec1833535810.dir/build
make[1]: Entering directory `/home/robot/ros/build/CMakeFiles/CMakeTmp'
/usr/bin/cmake -E cmake_progress_report /home/robot/ros/build/CMakeFiles/CMakeTmp/CMakeFiles 1
Building CXX object CMakeFiles/cmTryCompileExec1833535810.dir/CheckSymbolExists.cxx.o
/usr/bin/c++    -pthread -std=c++11 -Wreorder -O3 -DNDEBUG  -I/usr/include/qt4    -o CMakeFiles/cmTryCompileExec1833535810.dir/CheckSymbolExists.cxx.o -c /home/robot/ros/build/CMakeFiles/CMakeTmp/CheckSymbolExists.cxx
/home/robot/ros/build/CMakeFiles/CMakeTmp/CheckSymbolExists.cxx: In function ‘int main(int, char**)’:
/home/robot/ros/build/CMakeFiles/CMakeTmp/CheckSymbolExists.cxx:8:19: error: ‘Q_WS_QWS’ was not declared in this scope
   return ((int*)(&Q_WS_QWS))[argc];
                   ^
make[1]: *** [CMakeFiles/cmTryCompileExec1833535810.dir/CheckSymbolExists.cxx.o] Error 1
make[1]: Leaving directory `/home/robot/ros/build/CMakeFiles/CMakeTmp'
make: *** [cmTryCompileExec1833535810/fast] Error 2

File /home/robot/ros/build/CMakeFiles/CMakeTmp/CheckSymbolExists.cxx:
/* */
#include <QtCore/qglobal.h>

int main(int argc, char** argv)
{
  (void)argv;
#ifndef Q_WS_QWS
  return ((int*)(&Q_WS_QWS))[argc];
#else
  (void)argc;
  return 0;
#endif
}

Determining if the Q_WS_MAC exist failed with the following output:
Change Dir: /home/robot/ros/build/CMakeFiles/CMakeTmp

Run Build Command:/usr/bin/make "cmTryCompileExec1468887878/fast"
/usr/bin/make -f CMakeFiles/cmTryCompileExec1468887878.dir/build.make CMakeFiles/cmTryCompileExec1468887878.dir/build
make[1]: Entering directory `/home/robot/ros/build/CMakeFiles/CMakeTmp'
/usr/bin/cmake -E cmake_progress_report /home/robot/ros/build/CMakeFiles/CMakeTmp/CMakeFiles 1
Building CXX object CMakeFiles/cmTryCompileExec1468887878.dir/CheckSymbolExists.cxx.o
/usr/bin/c++    -pthread -std=c++11 -Wreorder -O3 -DNDEBUG  -I/usr/include/qt4    -o CMakeFiles/cmTryCompileExec1468887878.dir/CheckSymbolExists.cxx.o -c /home/robot/ros/build/CMakeFiles/CMakeTmp/CheckSymbolExists.cxx
/home/robot/ros/build/CMakeFiles/CMakeTmp/CheckSymbolExists.cxx: In function ‘int main(int, char**)’:
/home/robot/ros/build/CMakeFiles/CMakeTmp/CheckSymbolExists.cxx:8:19: error: ‘Q_WS_MAC’ was not declared in this scope
   return ((int*)(&Q_WS_MAC))[argc];
                   ^
make[1]: *** [CMakeFiles/cmTryCompileExec1468887878.dir/CheckSymbolExists.cxx.o] Error 1
make[1]: Leaving directory `/home/robot/ros/build/CMakeFiles/CMakeTmp'
make: *** [cmTryCompileExec1468887878/fast] Error 2

File /home/robot/ros/build/CMakeFiles/CMakeTmp/CheckSymbolExists.cxx:
/* */
#include <QtCore/qglobal.h>

int main(int argc, char** argv)
{
  (void)argv;
#ifndef Q_WS_MAC
  return ((int*)(&Q_WS_MAC))[argc];
#else
  (void)argc;
  return 0;
#endif
}

